GROUP,PACKAGE,CLASS,INSTRUCTION_MISSED,INSTRUCTION_COVERED,BRANCH_MISSED,BRANCH_COVERED,LINE_MISSED,LINE_COVERED,COMPLEXITY_MISSED,COMPLEXITY_COVERED,METHOD_MISSED,METHOD_COVERED
jacoco-report-aggregate/language-framework,com.dan323.expresions.base,BinaryOperation,0,101,1,15,0,18,1,14,0,7
jacoco-report-aggregate/language-framework,com.dan323.expresions.base,Negation,0,6,0,0,0,3,0,2,0,2
jacoco-report-aggregate/language-framework,com.dan323.expresions.base,Variable,0,34,1,5,0,7,1,7,0,5
jacoco-report-aggregate/language-framework,com.dan323.expresions.base,LogicOperation,0,14,0,4,0,3,0,3,0,1
jacoco-report-aggregate/language-framework,com.dan323.expresions.base,Constant,0,2,0,0,0,1,0,1,0,1
jacoco-report-aggregate/language-framework,com.dan323.expresions.base,Conjunction,0,7,0,0,0,3,0,2,0,2
jacoco-report-aggregate/language-framework,com.dan323.expresions.base,Implication,0,7,0,0,0,3,0,2,0,2
jacoco-report-aggregate/language-framework,com.dan323.expresions.base,Disjunction,0,7,0,0,0,3,0,2,0,2
jacoco-report-aggregate/language-framework,com.dan323.expresions.base,UnaryOperation,0,64,1,9,0,11,1,10,0,6
jacoco-report-aggregate/language-implementation.classic,com.dan323.expresions.classical,NegationClassic,0,32,0,2,0,5,0,6,0,5
jacoco-report-aggregate/language-implementation.classic,com.dan323.expresions.classical,ImplicationClassic,2,37,2,2,0,5,2,5,0,5
jacoco-report-aggregate/language-implementation.classic,com.dan323.expresions.classical,ConstantClassic,0,49,0,0,0,9,0,6,0,6
jacoco-report-aggregate/language-implementation.classic,com.dan323.expresions.classical,ClassicalLogicOperation,0,31,0,4,0,6,0,5,0,3
jacoco-report-aggregate/language-implementation.classic,com.dan323.expresions.classical,DisjunctionClassic,0,39,1,3,0,5,1,6,0,5
jacoco-report-aggregate/language-implementation.classic,com.dan323.expresions.classical,VariableClassic,0,42,0,2,0,7,0,6,0,5
jacoco-report-aggregate/language-implementation.classic,com.dan323.expresions.classical,ConjunctionClassic,2,37,1,3,0,5,1,6,0,5
jacoco-report-aggregate/language-implementation.classic,com.dan323.expresions.classical.exceptions,InvalidMapValuesException,3,4,0,0,2,2,1,1,1,1
jacoco-report-aggregate/implementation.modal,com.dan323.expresions.relation,Equals,6,0,0,0,2,0,1,0,1,0
jacoco-report-aggregate/implementation.modal,com.dan323.expresions.relation,LessEqual,0,6,0,0,0,2,0,1,0,1
jacoco-report-aggregate/implementation.modal,com.dan323.expresions.relation,RelationOperation,86,18,12,0,12,7,12,3,6,3
jacoco-report-aggregate/implementation.modal,com.dan323.expresions.modal,ModalLogicalOperation,0,31,0,4,0,6,0,5,0,3
jacoco-report-aggregate/implementation.modal,com.dan323.expresions.modal,ImplicationModal,0,30,0,0,0,6,0,5,0,5
jacoco-report-aggregate/implementation.modal,com.dan323.expresions.modal,ConjunctionModal,0,30,0,0,0,6,0,5,0,5
jacoco-report-aggregate/implementation.modal,com.dan323.expresions.modal,Sometime,0,24,0,0,0,5,0,5,0,5
jacoco-report-aggregate/implementation.modal,com.dan323.expresions.modal,VariableModal,0,22,0,0,0,4,0,4,0,4
jacoco-report-aggregate/implementation.modal,com.dan323.expresions.modal,NegationModal,0,27,0,0,0,6,0,5,0,5
jacoco-report-aggregate/implementation.modal,com.dan323.expresions.modal,DisjunctionModal,0,30,0,0,0,6,0,5,0,5
jacoco-report-aggregate/implementation.modal,com.dan323.expresions.modal,ConstantModal,0,51,0,4,0,10,0,9,0,7
jacoco-report-aggregate/implementation.modal,com.dan323.expresions.modal,Always,0,24,0,0,0,5,0,5,0,5
jacoco-report-aggregate/implementation.modal,com.dan323.expresions.modal,Until,0,25,0,0,0,5,0,5,0,5
jacoco-report-aggregate/implementation.deduction.modal,com.dan323.proof.modal,ModalBoxI,198,0,14,0,32,0,14,0,7,0
jacoco-report-aggregate/implementation.deduction.modal,com.dan323.proof.modal,ModalAndE2,0,33,0,0,0,5,0,4,0,4
jacoco-report-aggregate/implementation.deduction.modal,com.dan323.proof.modal,ModalDeductionTheorem,0,50,0,4,0,5,0,6,0,4
jacoco-report-aggregate/implementation.deduction.modal,com.dan323.proof.modal,ModalAssume,0,46,0,2,0,10,0,6,0,5
jacoco-report-aggregate/implementation.deduction.modal,com.dan323.proof.modal,ModalOrI1,0,30,0,0,0,5,0,3,0,3
jacoco-report-aggregate/implementation.deduction.modal,com.dan323.proof.modal,ModalOrI2,0,36,0,0,0,5,0,4,0,4
jacoco-report-aggregate/implementation.deduction.modal,com.dan323.proof.modal,ModalAndE1,0,33,0,0,0,5,0,4,0,4
jacoco-report-aggregate/implementation.deduction.modal,com.dan323.proof.modal,ModalDiaE,131,165,11,13,17,26,12,5,3,2
jacoco-report-aggregate/implementation.deduction.modal,com.dan323.proof.modal,ModalFI,0,69,0,8,0,8,0,11,0,7
jacoco-report-aggregate/implementation.deduction.modal,com.dan323.proof.modal,ModalDiaI,105,0,4,0,14,0,7,0,5,0
jacoco-report-aggregate/implementation.deduction.modal,com.dan323.proof.modal,ModalFE,0,50,0,4,0,7,0,7,0,5
jacoco-report-aggregate/implementation.deduction.modal,com.dan323.proof.modal,ModalNotI,0,34,0,0,0,5,0,3,0,3
jacoco-report-aggregate/implementation.deduction.modal,com.dan323.proof.modal,ModalModusPonens,0,47,0,4,0,7,0,6,0,4
jacoco-report-aggregate/implementation.deduction.modal,com.dan323.proof.modal,ModalAction,2,61,1,5,1,7,1,4,0,2
jacoco-report-aggregate/implementation.deduction.modal,com.dan323.proof.modal,ModalCopy,0,33,0,0,0,5,0,4,0,4
jacoco-report-aggregate/implementation.deduction.modal,com.dan323.proof.modal,ModalOrE,0,50,0,2,0,8,0,5,0,4
jacoco-report-aggregate/implementation.deduction.modal,com.dan323.proof.modal,ModalAndI,0,45,0,4,0,5,0,6,0,4
jacoco-report-aggregate/implementation.deduction.modal,com.dan323.proof.modal,ModalNotE,0,28,0,0,0,4,0,3,0,3
jacoco-report-aggregate/implementation.deduction.modal,com.dan323.proof.modal,ModalBoxE,162,0,18,0,22,0,16,0,7,0
jacoco-report-aggregate/implementation.deduction.modal,com.dan323.proof.modal.proof,ProofStepModal,3,31,1,1,1,9,1,4,0,4
jacoco-report-aggregate/implementation.deduction.modal,com.dan323.proof.modal.proof,ModalNaturalDeduction,112,50,24,6,16,12,17,4,3,3
jacoco-report-aggregate/implementation.deduction.modal,com.dan323.proof.modal.relational,RelationalAction,16,0,0,0,3,0,3,0,3,0
jacoco-report-aggregate/implementation.deduction.modal,com.dan323.proof.modal.relational,Transitive,107,0,4,0,13,0,5,0,3,0
jacoco-report-aggregate/implementation.deduction.modal,com.dan323.proof.modal.relational,Reflexive,49,0,0,0,7,0,3,0,3,0
jacoco-report-aggregate/framework.deduction,com.dan323.proof.generic,Action,0,99,1,5,0,12,1,13,0,11
jacoco-report-aggregate/framework.deduction,com.dan323.proof.generic,DeductionTheorem,1,128,2,6,0,23,2,8,0,6
jacoco-report-aggregate/framework.deduction,com.dan323.proof.generic,RuleUtils,6,81,4,12,2,9,5,9,1,5
jacoco-report-aggregate/framework.deduction,com.dan323.proof.generic,OrI,0,124,4,6,0,19,4,7,0,6
jacoco-report-aggregate/framework.deduction,com.dan323.proof.generic,AndE,1,105,4,8,0,18,4,8,0,6
jacoco-report-aggregate/framework.deduction,com.dan323.proof.generic,OrE,0,224,9,19,0,35,9,13,0,8
jacoco-report-aggregate/framework.deduction,com.dan323.proof.generic,ModusPonens,1,108,4,6,0,20,4,8,0,7
jacoco-report-aggregate/framework.deduction,com.dan323.proof.generic,AndI,0,122,3,11,0,21,3,11,0,7
jacoco-report-aggregate/framework.deduction,com.dan323.proof.generic,Copy,0,55,1,1,0,12,1,4,0,4
jacoco-report-aggregate/framework.deduction,com.dan323.proof.generic,FI,0,164,4,14,0,23,4,12,0,7
jacoco-report-aggregate/framework.deduction,com.dan323.proof.generic,NotE,2,122,5,9,0,20,5,8,0,6
jacoco-report-aggregate/framework.deduction,com.dan323.proof.generic,NotI,1,154,2,10,0,27,2,9,0,5
jacoco-report-aggregate/framework.deduction,com.dan323.proof.generic,FE,0,124,3,13,0,21,3,10,0,5
jacoco-report-aggregate/framework.deduction,com.dan323.proof.generic,Assume,0,44,0,2,0,9,0,4,0,3
jacoco-report-aggregate/framework.deduction,com.dan323.proof.generic.proof,Proof,29,77,5,7,6,19,4,14,1,11
jacoco-report-aggregate/framework.deduction,com.dan323.proof.generic.proof,ProofReason,5,38,2,4,1,7,3,5,1,4
jacoco-report-aggregate/framework.deduction,com.dan323.proof.generic.proof,ProofStep,0,64,1,1,0,19,1,7,0,7
jacoco-report-aggregate/framework.deduction,com.dan323.proof.generic.pattern,PatternMapperUnaryBinaryOps,115,0,22,0,20,0,14,0,3,0
jacoco-report-aggregate/implementation.deduction.classic,com.dan323.proof.classical,ClassicNotI,0,9,0,0,0,4,0,2,0,2
jacoco-report-aggregate/implementation.deduction.classic,com.dan323.proof.classical,ClassicNotE,0,9,0,0,0,4,0,2,0,2
jacoco-report-aggregate/implementation.deduction.classic,com.dan323.proof.classical,ClassicCopy,0,9,0,0,0,4,0,2,0,2
jacoco-report-aggregate/implementation.deduction.classic,com.dan323.proof.classical,ClassicOrE,0,11,0,0,0,4,0,2,0,2
jacoco-report-aggregate/implementation.deduction.classic,com.dan323.proof.classical,ClassicOrI1,0,11,0,0,0,4,0,2,0,2
jacoco-report-aggregate/implementation.deduction.classic,com.dan323.proof.classical,ClassicOrI2,0,17,0,0,0,4,0,3,0,3
jacoco-report-aggregate/implementation.deduction.classic,com.dan323.proof.classical,ClassicAndI,0,11,0,0,0,4,0,2,0,2
jacoco-report-aggregate/implementation.deduction.classic,com.dan323.proof.classical,ClassicFE,0,10,0,0,0,4,0,2,0,2
jacoco-report-aggregate/implementation.deduction.classic,com.dan323.proof.classical,ClassicDeductionTheorem,0,9,0,0,0,4,0,2,0,2
jacoco-report-aggregate/implementation.deduction.classic,com.dan323.proof.classical,ClassicAndE1,0,10,0,0,0,4,0,2,0,2
jacoco-report-aggregate/implementation.deduction.classic,com.dan323.proof.classical,ClassicAssume,0,9,0,0,0,4,0,2,0,2
jacoco-report-aggregate/implementation.deduction.classic,com.dan323.proof.classical,ClassicAndE2,0,10,0,0,0,4,0,2,0,2
jacoco-report-aggregate/implementation.deduction.classic,com.dan323.proof.classical,ClassicFI,0,14,0,0,0,4,0,3,0,3
jacoco-report-aggregate/implementation.deduction.classic,com.dan323.proof.classical,ClassicModusPonens,0,10,0,0,0,4,0,2,0,2
jacoco-report-aggregate/implementation.deduction.classic,com.dan323.proof.classical.proof,NaturalDeduction,1124,3,158,0,201,1,101,1,22,1
jacoco-report-aggregate/implementation.deduction.classic,com.dan323.proof.classical.complex,Sequence,62,0,8,0,17,0,7,0,3,0
jacoco-report-aggregate/implementation.deduction.classic,com.dan323.proof.classical.complex,OrE2,163,0,14,0,18,0,12,0,5,0
jacoco-report-aggregate/implementation.deduction.classic,com.dan323.proof.classical.complex,OrE1,162,0,14,0,18,0,12,0,5,0
jacoco-report-aggregate/implementation.deduction.classic,com.dan323.proof.classical.complex,DeMorgan1,143,0,10,0,18,0,10,0,5,0
jacoco-report-aggregate/implementation.deduction.classic,com.dan323.proof.classical.complex,CompositionRule,8,0,0,0,2,0,2,0,2,0
